<?xml version="1.0" encoding="UTF-8"?>
<!-- Generated by org.testng.reporters.JUnitReportReporter -->
<testsuite skipped="0" hostname="DESKTOP-7QS4E0M" name="com.test.TestNGfeatures" tests="4" failures="0" timestamp="2019-11-09T08:24:32 SGT" time="0.013" errors="0">
  <testcase name="loginTest" time="0.010" classname="com.test.TestNGfeatures"/>
  <testcase name="verifyTest" time="0.001" classname="com.test.TestNGfeatures"/>
  <testcase name="RegloginTest" time="0.001" classname="com.test.TestNGfeatures"/>
  <testcase name="SearchTest" time="0.001" classname="com.test.TestNGfeatures"/>
</testsuite> <!-- com.test.TestNGfeatures -->
