<?xml version="1.0" encoding="UTF-8"?>
<!-- Generated by org.testng.reporters.JUnitReportReporter -->
<testsuite skipped="0" hostname="DESKTOP-7QS4E0M" name="com.test.TestNGBasic" tests="3" failures="0" timestamp="2019-11-06T17:19:03 SGT" time="0.008" errors="0">
  <testcase name="LoginPage" time="0.005" classname="com.test.TestNGBasic"/>
  <testcase name="Registration" time="0.002" classname="com.test.TestNGBasic"/>
  <testcase name="SearchPage" time="0.001" classname="com.test.TestNGBasic"/>
</testsuite> <!-- com.test.TestNGBasic -->
